*********************************************************************************************************start
By DESKTOP-3QRIELI
2022年11月4日  15:59:9

操作系统:  Windows 10  (10.0.19043) 64bit
系统内存大小:  32509
设备模型:  System Product Name (ASUS)
设备唯一标识符:  f197b448acc5ec7d475f7c2c73b448b1c9a80e47
处理器数量:  24
处理器类型:  12th Gen Intel(R) Core(TM) i9-12900K
显卡标识符:  9476
显卡名称:  NVIDIA GeForce RTX 3060
显卡标识符:  4318
显卡厂商:  NVIDIA
显卡版本:  Direct3D 11.0 [level 11.1]
显存大小:  12129
显卡着色器级别:  50
是否图像效果:  True
是否支持内置阴影:  True
*********************************************************************************************************end
LogInfo:

[I]15:59:09 这个热更新脚本挂载在prefab上，打包成ab。通过从ab中实例化prefab成功还原
[I]15:59:09 hello, HybridCLR. prefab
